<?xml version="1.0" encoding="utf-8"?><testsuites name="pytest tests"><testsuite name="pytest" errors="0" failures="0" skipped="0" tests="5" time="38.864" timestamp="2026-05-24T15:24:38.794125+00:00" hostname="agent-env-956dc110-98cd-4a4f-ae16-0bd42e82d910"><testcase classname="backend.tests.backend_test" name="test_root" time="0.241" /><testcase classname="backend.tests.backend_test" name="test_options" time="0.050" /><testcase classname="backend.tests.backend_test" name="test_chat_and_followup_and_history" time="5.297" /><testcase classname="backend.tests.backend_test" name="test_paper_generate_and_retrieve_and_pdf_and_list" time="15.688" /><testcase classname="backend.tests.backend_test" name="test_diagram_generate_and_list" time="17.346" /></testsuite></testsuites>